Analysis & Synthesis report for C910_ifu
Fri Apr 29 16:02:37 2022
Quartus Prime Version 18.1.0 Build 625 09/12/2018 SJ Standard Edition


---------------------
; Table of Contents ;
---------------------
  1. Legal Notice
  2. Analysis & Synthesis Summary
  3. Analysis & Synthesis Settings
  4. Parallel Compilation
  5. Analysis & Synthesis Source Files Read
  6. Analysis & Synthesis Resource Usage Summary
  7. Analysis & Synthesis Resource Utilization by Entity
  8. General Register Statistics
  9. Inverted Register Statistics
 10. Multiplexer Restructuring Statistics (Restructuring Performed)
 11. Parameter Settings for User Entity Instance: Top-level Entity: |ct_ifu_l0_btb
 12. Port Connectivity Checks: "ct_ifu_l0_btb_entry:x_l0_btb_entry_0|gated_clk_cell:x_l0_btb_entry_gatedclk"
 13. Port Connectivity Checks: "gated_clk_cell:x_l0_btb_inv_reg_upd_clk"
 14. Port Connectivity Checks: "gated_clk_cell:x_l0_btb_create_clk"
 15. Port Connectivity Checks: "gated_clk_cell:x_l0_btb_clk"
 16. Port Connectivity Checks: "gated_clk_cell:x_l0_btb_pipe_clk"
 17. Post-Synthesis Netlist Statistics for Top Partition
 18. Elapsed Time Per Partition
 19. Analysis & Synthesis Messages



----------------
; Legal Notice ;
----------------
Copyright (C) 2018  Intel Corporation. All rights reserved.
Your use of Intel Corporation's design tools, logic functions 
and other software and tools, and its AMPP partner logic 
functions, and any output files from any of the foregoing 
(including device programming or simulation files), and any 
associated documentation or information are expressly subject 
to the terms and conditions of the Intel Program License 
Subscription Agreement, the Intel Quartus Prime License Agreement,
the Intel FPGA IP License Agreement, or other applicable license
agreement, including, without limitation, that your use is for
the sole purpose of programming logic devices manufactured by
Intel and sold by Intel or its authorized distributors.  Please
refer to the applicable agreement for further details.



+-----------------------------------------------------------------------------------+
; Analysis & Synthesis Summary                                                      ;
+---------------------------------+-------------------------------------------------+
; Analysis & Synthesis Status     ; Successful - Fri Apr 29 16:02:37 2022           ;
; Quartus Prime Version           ; 18.1.0 Build 625 09/12/2018 SJ Standard Edition ;
; Revision Name                   ; C910_ifu                                        ;
; Top-level Entity Name           ; ct_ifu_l0_btb                                   ;
; Family                          ; Cyclone V                                       ;
; Logic utilization (in ALMs)     ; N/A                                             ;
; Total registers                 ; 715                                             ;
; Total pins                      ; 393                                             ;
; Total virtual pins              ; 0                                               ;
; Total block memory bits         ; 0                                               ;
; Total DSP Blocks                ; 0                                               ;
; Total HSSI RX PCSs              ; 0                                               ;
; Total HSSI PMA RX Deserializers ; 0                                               ;
; Total HSSI TX PCSs              ; 0                                               ;
; Total HSSI PMA TX Serializers   ; 0                                               ;
; Total PLLs                      ; 0                                               ;
; Total DLLs                      ; 0                                               ;
+---------------------------------+-------------------------------------------------+


+---------------------------------------------------------------------------------------------------------------------------+
; Analysis & Synthesis Settings                                                                                             ;
+---------------------------------------------------------------------------------+--------------------+--------------------+
; Option                                                                          ; Setting            ; Default Value      ;
+---------------------------------------------------------------------------------+--------------------+--------------------+
; Device                                                                          ; 5CGXFC7C7F23C8     ;                    ;
; Top-level entity name                                                           ; ct_ifu_l0_btb      ; C910_ifu           ;
; Family name                                                                     ; Cyclone V          ; Cyclone V          ;
; Use smart compilation                                                           ; Off                ; Off                ;
; Enable parallel Assembler and Timing Analyzer during compilation                ; On                 ; On                 ;
; Enable compact report table                                                     ; Off                ; Off                ;
; Restructure Multiplexers                                                        ; Auto               ; Auto               ;
; MLAB Add Timing Constraints For Mixed-Port Feed-Through Mode Setting Don't Care ; Off                ; Off                ;
; Create Debugging Nodes for IP Cores                                             ; Off                ; Off                ;
; Preserve fewer node names                                                       ; On                 ; On                 ;
; Intel FPGA IP Evaluation Mode                                                   ; Enable             ; Enable             ;
; Verilog Version                                                                 ; Verilog_2001       ; Verilog_2001       ;
; VHDL Version                                                                    ; VHDL_1993          ; VHDL_1993          ;
; State Machine Processing                                                        ; Auto               ; Auto               ;
; Safe State Machine                                                              ; Off                ; Off                ;
; Extract Verilog State Machines                                                  ; On                 ; On                 ;
; Extract VHDL State Machines                                                     ; On                 ; On                 ;
; Ignore Verilog initial constructs                                               ; Off                ; Off                ;
; Iteration limit for constant Verilog loops                                      ; 5000               ; 5000               ;
; Iteration limit for non-constant Verilog loops                                  ; 250                ; 250                ;
; Add Pass-Through Logic to Inferred RAMs                                         ; On                 ; On                 ;
; Infer RAMs from Raw Logic                                                       ; On                 ; On                 ;
; Parallel Synthesis                                                              ; On                 ; On                 ;
; DSP Block Balancing                                                             ; Auto               ; Auto               ;
; NOT Gate Push-Back                                                              ; On                 ; On                 ;
; Power-Up Don't Care                                                             ; On                 ; On                 ;
; Remove Redundant Logic Cells                                                    ; Off                ; Off                ;
; Remove Duplicate Registers                                                      ; On                 ; On                 ;
; Ignore CARRY Buffers                                                            ; Off                ; Off                ;
; Ignore CASCADE Buffers                                                          ; Off                ; Off                ;
; Ignore GLOBAL Buffers                                                           ; Off                ; Off                ;
; Ignore ROW GLOBAL Buffers                                                       ; Off                ; Off                ;
; Ignore LCELL Buffers                                                            ; Off                ; Off                ;
; Ignore SOFT Buffers                                                             ; On                 ; On                 ;
; Limit AHDL Integers to 32 Bits                                                  ; Off                ; Off                ;
; Optimization Technique                                                          ; Balanced           ; Balanced           ;
; Carry Chain Length                                                              ; 70                 ; 70                 ;
; Auto Carry Chains                                                               ; On                 ; On                 ;
; Auto Open-Drain Pins                                                            ; On                 ; On                 ;
; Perform WYSIWYG Primitive Resynthesis                                           ; Off                ; Off                ;
; Auto ROM Replacement                                                            ; On                 ; On                 ;
; Auto RAM Replacement                                                            ; On                 ; On                 ;
; Auto DSP Block Replacement                                                      ; On                 ; On                 ;
; Auto Shift Register Replacement                                                 ; Auto               ; Auto               ;
; Allow Shift Register Merging across Hierarchies                                 ; Auto               ; Auto               ;
; Auto Clock Enable Replacement                                                   ; On                 ; On                 ;
; Strict RAM Replacement                                                          ; Off                ; Off                ;
; Allow Synchronous Control Signals                                               ; On                 ; On                 ;
; Force Use of Synchronous Clear Signals                                          ; Off                ; Off                ;
; Auto Resource Sharing                                                           ; Off                ; Off                ;
; Allow Any RAM Size For Recognition                                              ; Off                ; Off                ;
; Allow Any ROM Size For Recognition                                              ; Off                ; Off                ;
; Allow Any Shift Register Size For Recognition                                   ; Off                ; Off                ;
; Use LogicLock Constraints during Resource Balancing                             ; On                 ; On                 ;
; Ignore translate_off and synthesis_off directives                               ; Off                ; Off                ;
; Timing-Driven Synthesis                                                         ; On                 ; On                 ;
; Report Parameter Settings                                                       ; On                 ; On                 ;
; Report Source Assignments                                                       ; On                 ; On                 ;
; Report Connectivity Checks                                                      ; On                 ; On                 ;
; Ignore Maximum Fan-Out Assignments                                              ; Off                ; Off                ;
; Synchronization Register Chain Length                                           ; 3                  ; 3                  ;
; Power Optimization During Synthesis                                             ; Normal compilation ; Normal compilation ;
; HDL message level                                                               ; Level2             ; Level2             ;
; Suppress Register Optimization Related Messages                                 ; Off                ; Off                ;
; Number of Removed Registers Reported in Synthesis Report                        ; 5000               ; 5000               ;
; Number of Swept Nodes Reported in Synthesis Report                              ; 5000               ; 5000               ;
; Number of Inverted Registers Reported in Synthesis Report                       ; 100                ; 100                ;
; Clock MUX Protection                                                            ; On                 ; On                 ;
; Auto Gated Clock Conversion                                                     ; Off                ; Off                ;
; Block Design Naming                                                             ; Auto               ; Auto               ;
; SDC constraint protection                                                       ; Off                ; Off                ;
; Synthesis Effort                                                                ; Auto               ; Auto               ;
; Shift Register Replacement - Allow Asynchronous Clear Signal                    ; On                 ; On                 ;
; Pre-Mapping Resynthesis Optimization                                            ; Off                ; Off                ;
; Analysis & Synthesis Message Level                                              ; Medium             ; Medium             ;
; Disable Register Merging Across Hierarchies                                     ; Auto               ; Auto               ;
; Resource Aware Inference For Block RAM                                          ; On                 ; On                 ;
; Automatic Parallel Synthesis                                                    ; On                 ; On                 ;
; Partial Reconfiguration Bitstream ID                                            ; Off                ; Off                ;
+---------------------------------------------------------------------------------+--------------------+--------------------+


+------------------------------------------+
; Parallel Compilation                     ;
+----------------------------+-------------+
; Processors                 ; Number      ;
+----------------------------+-------------+
; Number detected on machine ; 6           ;
; Maximum allowed            ; 6           ;
;                            ;             ;
; Average used               ; 1.00        ;
; Maximum used               ; 6           ;
;                            ;             ;
; Usage by Processor         ; % Time Used ;
;     Processor 1            ; 100.0%      ;
;     Processor 2            ;   0.1%      ;
;     Processor 3            ;   0.0%      ;
;     Processor 4            ;   0.0%      ;
;     Processor 5            ;   0.0%      ;
;     Processor 6            ;   0.0%      ;
+----------------------------+-------------+


+-----------------------------------------------------------------------------------------------------------------------------------------------------------------------+
; Analysis & Synthesis Source Files Read                                                                                                                                ;
+----------------------------------+-----------------+------------------------+-------------------------------------------------------------------------------+---------+
; File Name with User-Entered Path ; Used in Netlist ; File Type              ; File Name with Absolute Path                                                  ; Library ;
+----------------------------------+-----------------+------------------------+-------------------------------------------------------------------------------+---------+
; gated_clk_cell.v                 ; yes             ; User Verilog HDL File  ; C:/Users/10206/Desktop/file/work/WinWork/Vwork/C910_ifu/gated_clk_cell.v      ;         ;
; ct_ifu_l0_btb_entry.v            ; yes             ; User Verilog HDL File  ; C:/Users/10206/Desktop/file/work/WinWork/Vwork/C910_ifu/ct_ifu_l0_btb_entry.v ;         ;
; ct_ifu_l0_btb.v                  ; yes             ; User Verilog HDL File  ; C:/Users/10206/Desktop/file/work/WinWork/Vwork/C910_ifu/ct_ifu_l0_btb.v       ;         ;
+----------------------------------+-----------------+------------------------+-------------------------------------------------------------------------------+---------+


+--------------------------------------------------------------------+
; Analysis & Synthesis Resource Usage Summary                        ;
+---------------------------------------------+----------------------+
; Resource                                    ; Usage                ;
+---------------------------------------------+----------------------+
; Estimate of Logic utilization (ALMs needed) ; 515                  ;
;                                             ;                      ;
; Combinational ALUT usage for logic          ; 503                  ;
;     -- 7 input functions                    ; 1                    ;
;     -- 6 input functions                    ; 262                  ;
;     -- 5 input functions                    ; 46                   ;
;     -- 4 input functions                    ; 55                   ;
;     -- <=3 input functions                  ; 139                  ;
;                                             ;                      ;
; Dedicated logic registers                   ; 715                  ;
;                                             ;                      ;
; I/O pins                                    ; 393                  ;
;                                             ;                      ;
; Total DSP Blocks                            ; 0                    ;
;                                             ;                      ;
; Maximum fan-out node                        ; forever_cpuclk~input ;
; Maximum fan-out                             ; 715                  ;
; Total fan-out                               ; 6456                 ;
; Average fan-out                             ; 3.22                 ;
+---------------------------------------------+----------------------+


+-------------------------------------------------------------------------------------------------------------------------------------------------------------------------------------------------------------------------------------------------+
; Analysis & Synthesis Resource Utilization by Entity                                                                                                                                                                                             ;
+--------------------------------------------+---------------------+---------------------------+-------------------+------------+------+--------------+------------------------------------------------------+---------------------+--------------+
; Compilation Hierarchy Node                 ; Combinational ALUTs ; Dedicated Logic Registers ; Block Memory Bits ; DSP Blocks ; Pins ; Virtual Pins ; Full Hierarchy Name                                  ; Entity Name         ; Library Name ;
+--------------------------------------------+---------------------+---------------------------+-------------------+------------+------+--------------+------------------------------------------------------+---------------------+--------------+
; |ct_ifu_l0_btb                             ; 503 (420)           ; 715 (75)                  ; 0                 ; 0          ; 393  ; 0            ; |ct_ifu_l0_btb                                       ; ct_ifu_l0_btb       ; work         ;
;    |ct_ifu_l0_btb_entry:x_l0_btb_entry_0|  ; 8 (8)               ; 40 (40)                   ; 0                 ; 0          ; 0    ; 0            ; |ct_ifu_l0_btb|ct_ifu_l0_btb_entry:x_l0_btb_entry_0  ; ct_ifu_l0_btb_entry ; work         ;
;    |ct_ifu_l0_btb_entry:x_l0_btb_entry_10| ; 5 (5)               ; 40 (40)                   ; 0                 ; 0          ; 0    ; 0            ; |ct_ifu_l0_btb|ct_ifu_l0_btb_entry:x_l0_btb_entry_10 ; ct_ifu_l0_btb_entry ; work         ;
;    |ct_ifu_l0_btb_entry:x_l0_btb_entry_11| ; 5 (5)               ; 40 (40)                   ; 0                 ; 0          ; 0    ; 0            ; |ct_ifu_l0_btb|ct_ifu_l0_btb_entry:x_l0_btb_entry_11 ; ct_ifu_l0_btb_entry ; work         ;
;    |ct_ifu_l0_btb_entry:x_l0_btb_entry_12| ; 5 (5)               ; 40 (40)                   ; 0                 ; 0          ; 0    ; 0            ; |ct_ifu_l0_btb|ct_ifu_l0_btb_entry:x_l0_btb_entry_12 ; ct_ifu_l0_btb_entry ; work         ;
;    |ct_ifu_l0_btb_entry:x_l0_btb_entry_13| ; 5 (5)               ; 40 (40)                   ; 0                 ; 0          ; 0    ; 0            ; |ct_ifu_l0_btb|ct_ifu_l0_btb_entry:x_l0_btb_entry_13 ; ct_ifu_l0_btb_entry ; work         ;
;    |ct_ifu_l0_btb_entry:x_l0_btb_entry_14| ; 5 (5)               ; 40 (40)                   ; 0                 ; 0          ; 0    ; 0            ; |ct_ifu_l0_btb|ct_ifu_l0_btb_entry:x_l0_btb_entry_14 ; ct_ifu_l0_btb_entry ; work         ;
;    |ct_ifu_l0_btb_entry:x_l0_btb_entry_15| ; 5 (5)               ; 40 (40)                   ; 0                 ; 0          ; 0    ; 0            ; |ct_ifu_l0_btb|ct_ifu_l0_btb_entry:x_l0_btb_entry_15 ; ct_ifu_l0_btb_entry ; work         ;
;    |ct_ifu_l0_btb_entry:x_l0_btb_entry_1|  ; 5 (5)               ; 40 (40)                   ; 0                 ; 0          ; 0    ; 0            ; |ct_ifu_l0_btb|ct_ifu_l0_btb_entry:x_l0_btb_entry_1  ; ct_ifu_l0_btb_entry ; work         ;
;    |ct_ifu_l0_btb_entry:x_l0_btb_entry_2|  ; 5 (5)               ; 40 (40)                   ; 0                 ; 0          ; 0    ; 0            ; |ct_ifu_l0_btb|ct_ifu_l0_btb_entry:x_l0_btb_entry_2  ; ct_ifu_l0_btb_entry ; work         ;
;    |ct_ifu_l0_btb_entry:x_l0_btb_entry_3|  ; 5 (5)               ; 40 (40)                   ; 0                 ; 0          ; 0    ; 0            ; |ct_ifu_l0_btb|ct_ifu_l0_btb_entry:x_l0_btb_entry_3  ; ct_ifu_l0_btb_entry ; work         ;
;    |ct_ifu_l0_btb_entry:x_l0_btb_entry_4|  ; 5 (5)               ; 40 (40)                   ; 0                 ; 0          ; 0    ; 0            ; |ct_ifu_l0_btb|ct_ifu_l0_btb_entry:x_l0_btb_entry_4  ; ct_ifu_l0_btb_entry ; work         ;
;    |ct_ifu_l0_btb_entry:x_l0_btb_entry_5|  ; 5 (5)               ; 40 (40)                   ; 0                 ; 0          ; 0    ; 0            ; |ct_ifu_l0_btb|ct_ifu_l0_btb_entry:x_l0_btb_entry_5  ; ct_ifu_l0_btb_entry ; work         ;
;    |ct_ifu_l0_btb_entry:x_l0_btb_entry_6|  ; 5 (5)               ; 40 (40)                   ; 0                 ; 0          ; 0    ; 0            ; |ct_ifu_l0_btb|ct_ifu_l0_btb_entry:x_l0_btb_entry_6  ; ct_ifu_l0_btb_entry ; work         ;
;    |ct_ifu_l0_btb_entry:x_l0_btb_entry_7|  ; 5 (5)               ; 40 (40)                   ; 0                 ; 0          ; 0    ; 0            ; |ct_ifu_l0_btb|ct_ifu_l0_btb_entry:x_l0_btb_entry_7  ; ct_ifu_l0_btb_entry ; work         ;
;    |ct_ifu_l0_btb_entry:x_l0_btb_entry_8|  ; 5 (5)               ; 40 (40)                   ; 0                 ; 0          ; 0    ; 0            ; |ct_ifu_l0_btb|ct_ifu_l0_btb_entry:x_l0_btb_entry_8  ; ct_ifu_l0_btb_entry ; work         ;
;    |ct_ifu_l0_btb_entry:x_l0_btb_entry_9|  ; 5 (5)               ; 40 (40)                   ; 0                 ; 0          ; 0    ; 0            ; |ct_ifu_l0_btb|ct_ifu_l0_btb_entry:x_l0_btb_entry_9  ; ct_ifu_l0_btb_entry ; work         ;
+--------------------------------------------+---------------------+---------------------------+-------------------+------------+------+--------------+------------------------------------------------------+---------------------+--------------+
Note: For table entries with two numbers listed, the numbers in parentheses indicate the number of resources of the given type used by the specific entity alone. The numbers listed outside of parentheses indicate the total resources of the given type used by the specific entity and all of its sub-entities in the hierarchy.


+------------------------------------------------------+
; General Register Statistics                          ;
+----------------------------------------------+-------+
; Statistic                                    ; Value ;
+----------------------------------------------+-------+
; Total registers                              ; 715   ;
; Number of registers using Synchronous Clear  ; 641   ;
; Number of registers using Synchronous Load   ; 39    ;
; Number of registers using Asynchronous Clear ; 715   ;
; Number of registers using Asynchronous Load  ; 0     ;
; Number of registers using Clock Enable       ; 663   ;
; Number of registers using Preset             ; 0     ;
+----------------------------------------------+-------+


+--------------------------------------------------+
; Inverted Register Statistics                     ;
+----------------------------------------+---------+
; Inverted Register                      ; Fan out ;
+----------------------------------------+---------+
; l0_btb_cur_state[0]                    ; 3       ;
; entry_fifo[0]                          ; 2       ;
; Total number of inverted registers = 2 ;         ;
+----------------------------------------+---------+


+-------------------------------------------------------------------------------------------------------------------------------------------------------------------------------------+
; Multiplexer Restructuring Statistics (Restructuring Performed)                                                                                                                      ;
+--------------------+-----------+---------------+----------------------+------------------------+------------+-----------------------------------------------------------------------+
; Multiplexer Inputs ; Bus Width ; Baseline Area ; Area if Restructured ; Saving if Restructured ; Registered ; Example Multiplexer Output                                            ;
+--------------------+-----------+---------------+----------------------+------------------------+------------+-----------------------------------------------------------------------+
; 3:1                ; 37 bits   ; 74 LEs        ; 0 LEs                ; 74 LEs                 ; Yes        ; |ct_ifu_l0_btb|ct_ifu_l0_btb_entry:x_l0_btb_entry_0|entry_target[1]   ;
; 3:1                ; 37 bits   ; 74 LEs        ; 0 LEs                ; 74 LEs                 ; Yes        ; |ct_ifu_l0_btb|ct_ifu_l0_btb_entry:x_l0_btb_entry_1|entry_target[1]   ;
; 3:1                ; 37 bits   ; 74 LEs        ; 0 LEs                ; 74 LEs                 ; Yes        ; |ct_ifu_l0_btb|ct_ifu_l0_btb_entry:x_l0_btb_entry_2|entry_target[0]   ;
; 3:1                ; 37 bits   ; 74 LEs        ; 0 LEs                ; 74 LEs                 ; Yes        ; |ct_ifu_l0_btb|ct_ifu_l0_btb_entry:x_l0_btb_entry_3|entry_tag[0]      ;
; 3:1                ; 37 bits   ; 74 LEs        ; 0 LEs                ; 74 LEs                 ; Yes        ; |ct_ifu_l0_btb|ct_ifu_l0_btb_entry:x_l0_btb_entry_4|entry_tag[13]     ;
; 3:1                ; 37 bits   ; 74 LEs        ; 0 LEs                ; 74 LEs                 ; Yes        ; |ct_ifu_l0_btb|ct_ifu_l0_btb_entry:x_l0_btb_entry_5|entry_target[16]  ;
; 3:1                ; 37 bits   ; 74 LEs        ; 0 LEs                ; 74 LEs                 ; Yes        ; |ct_ifu_l0_btb|ct_ifu_l0_btb_entry:x_l0_btb_entry_6|entry_target[16]  ;
; 3:1                ; 37 bits   ; 74 LEs        ; 0 LEs                ; 74 LEs                 ; Yes        ; |ct_ifu_l0_btb|ct_ifu_l0_btb_entry:x_l0_btb_entry_7|entry_target[16]  ;
; 3:1                ; 37 bits   ; 74 LEs        ; 0 LEs                ; 74 LEs                 ; Yes        ; |ct_ifu_l0_btb|ct_ifu_l0_btb_entry:x_l0_btb_entry_8|entry_tag[3]      ;
; 3:1                ; 37 bits   ; 74 LEs        ; 0 LEs                ; 74 LEs                 ; Yes        ; |ct_ifu_l0_btb|ct_ifu_l0_btb_entry:x_l0_btb_entry_9|entry_target[16]  ;
; 3:1                ; 37 bits   ; 74 LEs        ; 0 LEs                ; 74 LEs                 ; Yes        ; |ct_ifu_l0_btb|ct_ifu_l0_btb_entry:x_l0_btb_entry_10|entry_target[18] ;
; 3:1                ; 37 bits   ; 74 LEs        ; 0 LEs                ; 74 LEs                 ; Yes        ; |ct_ifu_l0_btb|ct_ifu_l0_btb_entry:x_l0_btb_entry_11|entry_target[14] ;
; 3:1                ; 37 bits   ; 74 LEs        ; 0 LEs                ; 74 LEs                 ; Yes        ; |ct_ifu_l0_btb|ct_ifu_l0_btb_entry:x_l0_btb_entry_12|entry_tag[1]     ;
; 3:1                ; 37 bits   ; 74 LEs        ; 0 LEs                ; 74 LEs                 ; Yes        ; |ct_ifu_l0_btb|ct_ifu_l0_btb_entry:x_l0_btb_entry_13|entry_target[9]  ;
; 3:1                ; 37 bits   ; 74 LEs        ; 0 LEs                ; 74 LEs                 ; Yes        ; |ct_ifu_l0_btb|ct_ifu_l0_btb_entry:x_l0_btb_entry_14|entry_target[16] ;
; 3:1                ; 37 bits   ; 74 LEs        ; 0 LEs                ; 74 LEs                 ; Yes        ; |ct_ifu_l0_btb|ct_ifu_l0_btb_entry:x_l0_btb_entry_15|entry_target[10] ;
; 3:1                ; 39 bits   ; 78 LEs        ; 78 LEs               ; 0 LEs                  ; Yes        ; |ct_ifu_l0_btb|ras_pc[23]                                             ;
+--------------------+-----------+---------------+----------------------+------------------------+------------+-----------------------------------------------------------------------+


+-------------------------------------------------------------------------------+
; Parameter Settings for User Entity Instance: Top-level Entity: |ct_ifu_l0_btb ;
+----------------+-------+------------------------------------------------------+
; Parameter Name ; Value ; Type                                                 ;
+----------------+-------+------------------------------------------------------+
; PC_WIDTH       ; 40    ; Signed Integer                                       ;
; IDLE           ; 01    ; Unsigned Binary                                      ;
; WAIT           ; 10    ; Unsigned Binary                                      ;
+----------------+-------+------------------------------------------------------+
Note: In order to hide this table in the UI and the text report file, please set the "Show Parameter Settings in Synthesis Report" option in "Analysis and Synthesis Settings -> More Settings" to "Off".


+---------------------------------------------------------------------------------------------------------+
; Port Connectivity Checks: "ct_ifu_l0_btb_entry:x_l0_btb_entry_0|gated_clk_cell:x_l0_btb_entry_gatedclk" ;
+-------------+-------+----------+------------------------------------------------------------------------+
; Port        ; Type  ; Severity ; Details                                                                ;
+-------------+-------+----------+------------------------------------------------------------------------+
; external_en ; Input ; Info     ; Stuck at GND                                                           ;
+-------------+-------+----------+------------------------------------------------------------------------+


+---------------------------------------------------------------------+
; Port Connectivity Checks: "gated_clk_cell:x_l0_btb_inv_reg_upd_clk" ;
+-------------+-------+----------+------------------------------------+
; Port        ; Type  ; Severity ; Details                            ;
+-------------+-------+----------+------------------------------------+
; external_en ; Input ; Info     ; Stuck at GND                       ;
+-------------+-------+----------+------------------------------------+


+----------------------------------------------------------------+
; Port Connectivity Checks: "gated_clk_cell:x_l0_btb_create_clk" ;
+-------------+-------+----------+-------------------------------+
; Port        ; Type  ; Severity ; Details                       ;
+-------------+-------+----------+-------------------------------+
; external_en ; Input ; Info     ; Stuck at GND                  ;
+-------------+-------+----------+-------------------------------+


+---------------------------------------------------------+
; Port Connectivity Checks: "gated_clk_cell:x_l0_btb_clk" ;
+-------------+-------+----------+------------------------+
; Port        ; Type  ; Severity ; Details                ;
+-------------+-------+----------+------------------------+
; external_en ; Input ; Info     ; Stuck at GND           ;
+-------------+-------+----------+------------------------+


+--------------------------------------------------------------+
; Port Connectivity Checks: "gated_clk_cell:x_l0_btb_pipe_clk" ;
+-------------+-------+----------+-----------------------------+
; Port        ; Type  ; Severity ; Details                     ;
+-------------+-------+----------+-----------------------------+
; external_en ; Input ; Info     ; Stuck at GND                ;
+-------------+-------+----------+-----------------------------+


+-----------------------------------------------------+
; Post-Synthesis Netlist Statistics for Top Partition ;
+-----------------------+-----------------------------+
; Type                  ; Count                       ;
+-----------------------+-----------------------------+
; arriav_ff             ; 715                         ;
;     CLR               ; 3                           ;
;     CLR SCLR          ; 49                          ;
;     ENA CLR           ; 32                          ;
;     ENA CLR SCLR      ; 592                         ;
;     ENA CLR SLD       ; 39                          ;
; arriav_lcell_comb     ; 505                         ;
;     extend            ; 1                           ;
;         7 data inputs ; 1                           ;
;     normal            ; 504                         ;
;         1 data inputs ; 6                           ;
;         2 data inputs ; 23                          ;
;         3 data inputs ; 112                         ;
;         4 data inputs ; 55                          ;
;         5 data inputs ; 46                          ;
;         6 data inputs ; 262                         ;
; boundary_port         ; 393                         ;
;                       ;                             ;
; Max LUT depth         ; 3.00                        ;
; Average LUT depth     ; 2.39                        ;
+-----------------------+-----------------------------+


+-------------------------------+
; Elapsed Time Per Partition    ;
+----------------+--------------+
; Partition Name ; Elapsed Time ;
+----------------+--------------+
; Top            ; 00:00:01     ;
+----------------+--------------+


+-------------------------------+
; Analysis & Synthesis Messages ;
+-------------------------------+
Info: *******************************************************************
Info: Running Quartus Prime Analysis & Synthesis
    Info: Version 18.1.0 Build 625 09/12/2018 SJ Standard Edition
    Info: Processing started: Fri Apr 29 16:02:24 2022
Info: Command: quartus_map --read_settings_files=on --write_settings_files=off C910_ifu -c C910_ifu
Warning (18236): Number of processors has not been specified which may cause overloading on shared machines.  Set the global assignment NUM_PARALLEL_PROCESSORS in your QSF to an appropriate value for best performance.
Info (20030): Parallel compilation is enabled and will use 6 of the 6 processors detected
Info (12021): Found 1 design units, including 1 entities, in source file gated_clk_cell.v
    Info (12023): Found entity 1: gated_clk_cell File: C:/Users/10206/Desktop/file/work/WinWork/Vwork/C910_ifu/gated_clk_cell.v Line: 16
Info (12021): Found 1 design units, including 1 entities, in source file ct_ifu_l0_btb_entry.v
    Info (12023): Found entity 1: ct_ifu_l0_btb_entry File: C:/Users/10206/Desktop/file/work/WinWork/Vwork/C910_ifu/ct_ifu_l0_btb_entry.v Line: 17
Info (12021): Found 1 design units, including 1 entities, in source file ct_ifu_l0_btb.v
    Info (12023): Found entity 1: ct_ifu_l0_btb File: C:/Users/10206/Desktop/file/work/WinWork/Vwork/C910_ifu/ct_ifu_l0_btb.v Line: 17
Info (12127): Elaborating entity "ct_ifu_l0_btb" for the top level hierarchy
Info (10264): Verilog HDL Case Statement information at ct_ifu_l0_btb.v(541): all case item expressions in this case statement are onehot File: C:/Users/10206/Desktop/file/work/WinWork/Vwork/C910_ifu/ct_ifu_l0_btb.v Line: 541
Info (12128): Elaborating entity "gated_clk_cell" for hierarchy "gated_clk_cell:x_l0_btb_pipe_clk" File: C:/Users/10206/Desktop/file/work/WinWork/Vwork/C910_ifu/ct_ifu_l0_btb.v Line: 390
Warning (10036): Verilog HDL or VHDL warning at gated_clk_cell.v(34): object "clk_en_bf_latch" assigned a value but never read File: C:/Users/10206/Desktop/file/work/WinWork/Vwork/C910_ifu/gated_clk_cell.v Line: 34
Warning (10036): Verilog HDL or VHDL warning at gated_clk_cell.v(35): object "SE" assigned a value but never read File: C:/Users/10206/Desktop/file/work/WinWork/Vwork/C910_ifu/gated_clk_cell.v Line: 35
Info (12128): Elaborating entity "ct_ifu_l0_btb_entry" for hierarchy "ct_ifu_l0_btb_entry:x_l0_btb_entry_0" File: C:/Users/10206/Desktop/file/work/WinWork/Vwork/C910_ifu/ct_ifu_l0_btb.v Line: 708
Info (286030): Timing-Driven Synthesis is running
Info (16010): Generating hard_block partition "hard_block:auto_generated_inst"
    Info (16011): Adding 0 node(s), including 0 DDIO, 0 PLL, 0 transceiver and 0 LCELL
Warning (21074): Design contains 23 input pin(s) that do not drive logic
    Warning (15610): No output dependent on input pin "cp0_ifu_icg_en" File: C:/Users/10206/Desktop/file/work/WinWork/Vwork/C910_ifu/ct_ifu_l0_btb.v Line: 72
    Warning (15610): No output dependent on input pin "cp0_yy_clk_en" File: C:/Users/10206/Desktop/file/work/WinWork/Vwork/C910_ifu/ct_ifu_l0_btb.v Line: 74
    Warning (15610): No output dependent on input pin "pad_yy_icg_scan_en" File: C:/Users/10206/Desktop/file/work/WinWork/Vwork/C910_ifu/ct_ifu_l0_btb.v Line: 93
    Warning (15610): No output dependent on input pin "pcgen_l0_btb_if_pc[0]" File: C:/Users/10206/Desktop/file/work/WinWork/Vwork/C910_ifu/ct_ifu_l0_btb.v Line: 97
    Warning (15610): No output dependent on input pin "pcgen_l0_btb_if_pc[1]" File: C:/Users/10206/Desktop/file/work/WinWork/Vwork/C910_ifu/ct_ifu_l0_btb.v Line: 97
    Warning (15610): No output dependent on input pin "pcgen_l0_btb_if_pc[2]" File: C:/Users/10206/Desktop/file/work/WinWork/Vwork/C910_ifu/ct_ifu_l0_btb.v Line: 97
    Warning (15610): No output dependent on input pin "pcgen_l0_btb_if_pc[3]" File: C:/Users/10206/Desktop/file/work/WinWork/Vwork/C910_ifu/ct_ifu_l0_btb.v Line: 97
    Warning (15610): No output dependent on input pin "pcgen_l0_btb_if_pc[4]" File: C:/Users/10206/Desktop/file/work/WinWork/Vwork/C910_ifu/ct_ifu_l0_btb.v Line: 97
    Warning (15610): No output dependent on input pin "pcgen_l0_btb_if_pc[5]" File: C:/Users/10206/Desktop/file/work/WinWork/Vwork/C910_ifu/ct_ifu_l0_btb.v Line: 97
    Warning (15610): No output dependent on input pin "pcgen_l0_btb_if_pc[6]" File: C:/Users/10206/Desktop/file/work/WinWork/Vwork/C910_ifu/ct_ifu_l0_btb.v Line: 97
    Warning (15610): No output dependent on input pin "pcgen_l0_btb_if_pc[7]" File: C:/Users/10206/Desktop/file/work/WinWork/Vwork/C910_ifu/ct_ifu_l0_btb.v Line: 97
    Warning (15610): No output dependent on input pin "pcgen_l0_btb_if_pc[8]" File: C:/Users/10206/Desktop/file/work/WinWork/Vwork/C910_ifu/ct_ifu_l0_btb.v Line: 97
    Warning (15610): No output dependent on input pin "pcgen_l0_btb_if_pc[9]" File: C:/Users/10206/Desktop/file/work/WinWork/Vwork/C910_ifu/ct_ifu_l0_btb.v Line: 97
    Warning (15610): No output dependent on input pin "pcgen_l0_btb_if_pc[10]" File: C:/Users/10206/Desktop/file/work/WinWork/Vwork/C910_ifu/ct_ifu_l0_btb.v Line: 97
    Warning (15610): No output dependent on input pin "pcgen_l0_btb_if_pc[11]" File: C:/Users/10206/Desktop/file/work/WinWork/Vwork/C910_ifu/ct_ifu_l0_btb.v Line: 97
    Warning (15610): No output dependent on input pin "pcgen_l0_btb_if_pc[12]" File: C:/Users/10206/Desktop/file/work/WinWork/Vwork/C910_ifu/ct_ifu_l0_btb.v Line: 97
    Warning (15610): No output dependent on input pin "pcgen_l0_btb_if_pc[13]" File: C:/Users/10206/Desktop/file/work/WinWork/Vwork/C910_ifu/ct_ifu_l0_btb.v Line: 97
    Warning (15610): No output dependent on input pin "pcgen_l0_btb_if_pc[14]" File: C:/Users/10206/Desktop/file/work/WinWork/Vwork/C910_ifu/ct_ifu_l0_btb.v Line: 97
    Warning (15610): No output dependent on input pin "pcgen_l0_btb_if_pc[15]" File: C:/Users/10206/Desktop/file/work/WinWork/Vwork/C910_ifu/ct_ifu_l0_btb.v Line: 97
    Warning (15610): No output dependent on input pin "pcgen_l0_btb_if_pc[16]" File: C:/Users/10206/Desktop/file/work/WinWork/Vwork/C910_ifu/ct_ifu_l0_btb.v Line: 97
    Warning (15610): No output dependent on input pin "pcgen_l0_btb_if_pc[17]" File: C:/Users/10206/Desktop/file/work/WinWork/Vwork/C910_ifu/ct_ifu_l0_btb.v Line: 97
    Warning (15610): No output dependent on input pin "pcgen_l0_btb_if_pc[18]" File: C:/Users/10206/Desktop/file/work/WinWork/Vwork/C910_ifu/ct_ifu_l0_btb.v Line: 97
    Warning (15610): No output dependent on input pin "pcgen_l0_btb_if_pc[19]" File: C:/Users/10206/Desktop/file/work/WinWork/Vwork/C910_ifu/ct_ifu_l0_btb.v Line: 97
Info (21057): Implemented 1502 device resources after synthesis - the final resource count might be different
    Info (21058): Implemented 272 input pins
    Info (21059): Implemented 121 output pins
    Info (21061): Implemented 1109 logic cells
Info: Quartus Prime Analysis & Synthesis was successful. 0 errors, 27 warnings
    Info: Peak virtual memory: 4860 megabytes
    Info: Processing ended: Fri Apr 29 16:02:37 2022
    Info: Elapsed time: 00:00:13
    Info: Total CPU time (on all processors): 00:00:23


